2019-10-21 09:01:21.052  INFO 10544 --- [restartedMain] l.m.community.CommunityApplication       : Starting CommunityApplication on DESKTOP-ANHUM3C with PID 10544 (D:\community\target\classes started by cool in D:\community)
2019-10-21 09:01:21.072  INFO 10544 --- [restartedMain] l.m.community.CommunityApplication       : No active profile set, falling back to default profiles: default
2019-10-21 09:01:21.712  INFO 10544 --- [restartedMain] .e.DevToolsPropertyDefaultsPostProcessor : Devtools property defaults active! Set 'spring.devtools.add-properties' to 'false' to disable
2019-10-21 09:01:21.712  INFO 10544 --- [restartedMain] .e.DevToolsPropertyDefaultsPostProcessor : For additional web related logging consider setting the 'logging.level.web' property to 'DEBUG'
2019-10-21 09:01:24.542  INFO 10544 --- [restartedMain] o.s.b.w.embedded.tomcat.TomcatWebServer  : Tomcat initialized with port(s): 8887 (http)
2019-10-21 09:01:24.592  INFO 10544 --- [restartedMain] o.apache.catalina.core.StandardService   : Starting service [Tomcat]
2019-10-21 09:01:24.592  INFO 10544 --- [restartedMain] org.apache.catalina.core.StandardEngine  : Starting Servlet engine: [Apache Tomcat/9.0.24]
2019-10-21 09:01:24.841  INFO 10544 --- [restartedMain] o.a.c.c.C.[Tomcat].[localhost].[/]       : Initializing Spring embedded WebApplicationContext
2019-10-21 09:01:24.841  INFO 10544 --- [restartedMain] o.s.web.context.ContextLoader            : Root WebApplicationContext: initialization completed in 3119 ms
2019-10-21 09:01:25.871  INFO 10544 --- [restartedMain] o.s.s.concurrent.ThreadPoolTaskExecutor  : Initializing ExecutorService 'applicationTaskExecutor'
2019-10-21 09:01:25.981  INFO 10544 --- [restartedMain] o.s.b.a.w.s.WelcomePageHandlerMapping    : Adding welcome page template: index
2019-10-21 09:01:26.421  INFO 10544 --- [restartedMain] o.s.b.d.a.OptionalLiveReloadServer       : LiveReload server is running on port 35729
2019-10-21 09:01:26.511  INFO 10544 --- [restartedMain] o.s.b.w.embedded.tomcat.TomcatWebServer  : Tomcat started on port(s): 8887 (http) with context path ''
2019-10-21 09:01:26.521  INFO 10544 --- [restartedMain] l.m.community.CommunityApplication       : Started CommunityApplication in 6.855 seconds (JVM running for 12.869)
2019-10-21 09:03:53.358  INFO 10544 --- [http-nio-8887-exec-1] o.a.c.c.C.[Tomcat].[localhost].[/]       : Initializing Spring DispatcherServlet 'dispatcherServlet'
2019-10-21 09:03:53.359  INFO 10544 --- [http-nio-8887-exec-1] o.s.web.servlet.DispatcherServlet        : Initializing Servlet 'dispatcherServlet'
2019-10-21 09:03:53.393  INFO 10544 --- [http-nio-8887-exec-1] o.s.web.servlet.DispatcherServlet        : Completed initialization in 33 ms
2019-10-21 09:03:53.657  INFO 10544 --- [http-nio-8887-exec-1] com.zaxxer.hikari.HikariDataSource       : HikariPool-1 - Starting...
2019-10-21 09:03:54.131  INFO 10544 --- [http-nio-8887-exec-1] com.zaxxer.hikari.HikariDataSource       : HikariPool-1 - Start completed.
2019-10-21 09:20:44.534  INFO 9652 --- [restartedMain] l.m.community.CommunityApplication       : Starting CommunityApplication on DESKTOP-ANHUM3C with PID 9652 (D:\community\target\classes started by cool in D:\community)
2019-10-21 09:20:44.554  INFO 9652 --- [restartedMain] l.m.community.CommunityApplication       : No active profile set, falling back to default profiles: default
2019-10-21 09:20:44.864  INFO 9652 --- [restartedMain] .e.DevToolsPropertyDefaultsPostProcessor : Devtools property defaults active! Set 'spring.devtools.add-properties' to 'false' to disable
2019-10-21 09:20:44.864  INFO 9652 --- [restartedMain] .e.DevToolsPropertyDefaultsPostProcessor : For additional web related logging consider setting the 'logging.level.web' property to 'DEBUG'
2019-10-21 09:20:47.393  INFO 9652 --- [restartedMain] o.s.b.w.embedded.tomcat.TomcatWebServer  : Tomcat initialized with port(s): 8887 (http)
2019-10-21 09:20:47.423  INFO 9652 --- [restartedMain] o.apache.catalina.core.StandardService   : Starting service [Tomcat]
2019-10-21 09:20:47.433  INFO 9652 --- [restartedMain] org.apache.catalina.core.StandardEngine  : Starting Servlet engine: [Apache Tomcat/9.0.24]
2019-10-21 09:20:47.643  INFO 9652 --- [restartedMain] o.a.c.c.C.[Tomcat].[localhost].[/]       : Initializing Spring embedded WebApplicationContext
2019-10-21 09:20:47.643  INFO 9652 --- [restartedMain] o.s.web.context.ContextLoader            : Root WebApplicationContext: initialization completed in 2779 ms
2019-10-21 09:20:48.613  INFO 9652 --- [restartedMain] o.s.s.concurrent.ThreadPoolTaskExecutor  : Initializing ExecutorService 'applicationTaskExecutor'
2019-10-21 09:20:48.693  INFO 9652 --- [restartedMain] o.s.b.a.w.s.WelcomePageHandlerMapping    : Adding welcome page template: index
2019-10-21 09:20:49.093  INFO 9652 --- [restartedMain] o.s.b.d.a.OptionalLiveReloadServer       : LiveReload server is running on port 35729
2019-10-21 09:20:49.163  INFO 9652 --- [restartedMain] o.s.b.w.embedded.tomcat.TomcatWebServer  : Tomcat started on port(s): 8887 (http) with context path ''
2019-10-21 09:20:49.173  INFO 9652 --- [restartedMain] l.m.community.CommunityApplication       : Started CommunityApplication in 5.789 seconds (JVM running for 10.454)
2019-10-21 09:21:23.701  INFO 9652 --- [http-nio-8887-exec-5] o.a.c.c.C.[Tomcat].[localhost].[/]       : Initializing Spring DispatcherServlet 'dispatcherServlet'
2019-10-21 09:21:23.703  INFO 9652 --- [http-nio-8887-exec-5] o.s.web.servlet.DispatcherServlet        : Initializing Servlet 'dispatcherServlet'
2019-10-21 09:21:23.728  INFO 9652 --- [http-nio-8887-exec-5] o.s.web.servlet.DispatcherServlet        : Completed initialization in 23 ms
